Array.from(document.getElementsByClassName("message-in")).forEach((el) => {
        var divs = el.getElementsByTagName("div").length;
        var teste = "len:" + divs;
        var spans = el.getElementsByTagName("span");
        teste += " spans:" + spans.length;
        var sender = "";
        var receiver = "";
        if(divs >= 15 && spans.length >= 10) {
            Array.from(spans).forEach((sp, index) => { 
                var text = sp.innerText.trim().replace(/\s/g,''); 
                if(text != "" 
                   && sender != "" 
                   && isNaN(text.slice(-4))
                   && receiver == ""
                  ){
                   receiver =  sp.innerText.trim().replace(/\s/g,'');
                }
                if(text != "" 
                   && sender == "" 
                   && isNaN(text.slice(-4))){
                   sender =  sp.innerText.trim().replace(/\s/g,'');
                }
            });
            teste += " sender:" + sender + " receiver:" + receiver + " --->"; 
            Array.from(spans).forEach((sp) => { teste += " [" + sp.innerText + "] "})
            console.log(teste)        
        }
    });

VM19228:26 len:19 spans:12 sender:MariRamos receiver:VerandaCerradoMma ---> []  []  []  [Mari Ramos]  []  [Veranda Cerrado Mma]  []  [Bondia]  [Nossa nossa ]  [Nossa nossa ]  [09:10]  [] 
VM19228:26 len:15 spans:12 sender:CarlosEduardoAlmeida receiver:VerandaCerradoMma ---> []  []  []  [+55 61 8274-4179]  [Carlos Eduardo Almeida]  []  [Veranda Cerrado Mma]  [Sou eu na aulas que tem música kkkkkkk]  [Abandonou a turma? ]  [Abandonou a turma? ]  [09:34]  [] 
VM19228:26 len:15 spans:12 sender:VerandaCerradoMma receiver:CarlosEduardoAlmeida ---> []  []  []  [Veranda Cerrado Mma]  []  [+55 61 8274-4179]  [Carlos Eduardo Almeida]  [Abandonou a turma? ]  [Never, nunca, jamé e se soubesse alemão falaria também]  [Never, nunca, jamé e se soubesse alemão falaria também]  [09:37]  [] 
VM19228:26 len:15 spans:12 sender:CarlosEduardoAlmeida receiver:VerandaCerradoMma ---> []  []  []  [+55 61 8274-4179]  [Carlos Eduardo Almeida]  []  [Veranda Cerrado Mma]  [É que o Chefão tava aqui desde domingo  ai Revogaram a lei áurea nesse período, amanhã to lá]  [Que bom]  [Que bom]  [09:43]  [] 
VM19228:26 len:16 spans:10 sender:MariFreitas receiver:VerandaCerradoMma ---> []  []  []  [Mari Freitas]  []  [Veranda Cerrado Mma]  [É que o Chefão tava aqui desde domingo  ai Revogaram a lei áurea nesse período, amanhã to lá]  []  [09:49]  [] 
VM19228:26 len:15 spans:11 sender:BrunoThai receiver:AndersonCerradoMma ---> []  []  []  [Bruno Thai]  []  [Anderson Cerrado Mma]  [Antes de desistir dos seus sonhos, lembre-se dos motivos que lhe fizeram aguentar até aqui, se cair pelo caminho levante e tente mais uma vez, duas, três seja lá quantas forem preciso, mais continue lutando por esses sonhos! Que Jesus Cristo abençoe seu dia!]  []  []  [07:06]  [] 
VM19228:26 len:15 spans:13 sender:DiogoVanelli receiver:GustavoFilizzola ---> []  []  []  [+55 61 8191-1996]  [Diogo Vanelli]  []  [+55 61 8303-0465]  [Gustavo Filizzola]  [Não poderia ser diferente ! Fazer o que....além de mandar e nós obedecermos com prazer, elas são e serão sempre melhores ! ]  [A Simone q mandou escrever?]  [A Simone q mandou escrever?]  [13:54]  [] 
VM19228:26 len:15 spans:13 sender:MarianaCyncynates receiver:DiogoVanelli ---> []  []  []  [+55 61 8267-3817]  [Mariana Cyncynates]  []  [+55 61 8191-1996]  [Diogo Vanelli]  [A Simone q mandou escrever?]  [Ele falou a opinião correta dele por livre espontânea vontade]  [Ele falou a opinião correta dele por livre espontânea vontade]  [13:55]  [] 
VM19228:26 len:15 spans:13 sender:GustavoFilizzola receiver:MarianaCyncynates ---> []  []  []  [+55 61 8303-0465]  [Gustavo Filizzola]  []  [+55 61 8267-3817]  [Mariana Cyncynates]  [Ele falou a opinião correta dele por livre espontânea vontade]  [Isso isso bailarina !!]  [Isso isso bailarina !!]  [13:56]  [] 
VM19228:26 len:17 spans:12 sender:DanielPompermayer receiver:AndersonCerradoMma ---> []  []  []  [+55 61 9280-4123]  [Daniel Pompermayer]  []  [Anderson Cerrado Mma]  [Mulherada atropelou meu bonde masculino das 10]  []  []  [14:04]  [] 
VM19228:26 len:16 spans:12 sender:MarianaCyncynates receiver:MariFreitas ---> []  [+55 61 8267-3817]  [Mariana Cyncynates]  []  [Mari Freitas]  [Fiquei sabendo que o  te sacaneou, @Mariana Cyncynates ! Espero que vc tenha conseguido revidar ]  [@Mariana Cyncynates]  [@]  [Mariana Cyncynates]  []  [14:18]  [] 
VM19228:26 len:15 spans:13 sender:GabrielaScartezini receiver:Coêlho ---> []  []  []  [+55 61 9559-8989]  [Gabriela Scartezini]  []  [+55 61 9955-8402]  [Coêlho ]  [Rapaz, agora no serviço que o sangue esfriou, minhas orelhas, maçã do rosto e olho direito estão todos doloridos de tanto murro e chute da Gabi. 
Tenho compaixão do Saulo.]  [Hahahahahaha perdaaaaaão!! ]  [Hahahahahaha perdaaaaaão!! ]  [14:30]  [] 
VM19228:26 len:15 spans:15 sender:Coêlho receiver:MariFreitas ---> []  []  []  [+55 61 9955-8402]  [Coêlho ]  []  [Mari Freitas]  [Fiquei sabendo que o  te sacaneou, @Mariana Cyncynates ! Espero que vc tenha conseguido revidar ]  [@Mariana Cyncynates]  [@]  [Mariana Cyncynates]  [?????
Sou um gentleman.]  [?????
Sou um gentleman.]  [14:38]  [] 
VM19228:26 len:17 spans:13 sender:MarianaCyncynates receiver:Coêlho ---> []  []  []  [+55 61 8267-3817]  [Mariana Cyncynates]  []  [+55 61 9955-8402]  [Coêlho ]  [?????
Sou um gentleman.]  []  []  [14:41]  [] 
VM19228:26 len:15 spans:12 sender:VerandaCerradoMma receiver:CarlosEduardoAlmeida ---> []  []  []  [Veranda Cerrado Mma]  []  [+55 61 8274-4179]  [Carlos Eduardo Almeida]  [Me digam quem são essas meninas que não quero treinar com elas ]  [Somos TODAX bravas  Mas as meninas de 10h deram show hoje]  [Somos TODAX bravas  Mas as meninas de 10h deram show hoje]  [14:43]  [] 
VM19228:26 len:15 spans:13 sender:GustavoFilizzola receiver:CarlosEduardoAlmeida ---> []  []  []  [+55 61 8303-0465]  [Gustavo Filizzola]  []  [+55 61 8274-4179]  [Carlos Eduardo Almeida]  [Me digam quem são essas meninas que não quero treinar com elas ]  [Dizem por aí que a noite elas saem em bando...invadem as academias e que estão invictas até hoje....]  [Dizem por aí que a noite elas saem em bando...invadem as academias e que estão invictas até hoje....]  [14:43]  [] 
VM19228:26 len:15 spans:13 sender:GustavoFilizzola receiver:CarlosEduardoAlmeida ---> []  []  []  [+55 61 8303-0465]  [Gustavo Filizzola]  []  [+55 61 8274-4179]  [Carlos Eduardo Almeida]  [Nenhuma de 12h30 né?]  [Talvez. A identidade delas é secreta. Só depois que a mão entra, começamos a desconfiar da verdadeira identidade delas.... é melhor não contrariar !]  [Talvez. A identidade delas é secreta. Só depois que a mão entra, começamos a desconfiar da verdadeira identidade delas.... é melhor não contrariar !]  [14:47]  [] 
VM19228:26 len:15 spans:12 sender:VerandaCerradoMma receiver:GustavoFilizzola ---> []  []  []  [Veranda Cerrado Mma]  []  [+55 61 8303-0465]  [Gustavo Filizzola]  [Talvez. A identidade delas é secreta. Só depois que a mão entra, começamos a desconfiar da verdadeira identidade delas.... é melhor não contrariar !]  [Melhor resposta]  [Melhor resposta]  [14:52]  [] 
VM19228:26 len:17 spans:11 sender:MariGatinha receiver:AndersonCerradoMma ---> []  []  []  [Mari Gatinha]  []  [Anderson Cerrado Mma]  [A mulherada sentou à mão hj]  []  []  [14:59]  [] 
VM19228:26 len:15 spans:12 sender:MariFreitas receiver:CarlosEduardoAlmeida ---> []  []  []  [Mari Freitas]  []  [+55 61 8274-4179]  [Carlos Eduardo Almeida]  [Nenhuma de 12h30 né?]  [Certo que não.]  [Certo que não.]  [15:02]  [] 
VM19228:26 len:16 spans:12 sender:CarlosEduardoAlmeida receiver:GustavoFilizzola ---> []  []  []  [+55 61 8274-4179]  [Carlos Eduardo Almeida]  []  [+55 61 8303-0465]  [Gustavo Filizzola]  [Talvez. A identidade delas é secreta. Só depois que a mão entra, começamos a desconfiar da verdadeira identidade delas.... é melhor não contrariar !]  []  [15:03]  [] 
VM19228:26 len:17 spans:12 sender:DanielPompermayer receiver:MariFreitas ---> []  []  []  [+55 61 9280-4123]  [Daniel Pompermayer]  []  [Mari Freitas]  [Certo que não.]  []  []  [15:05]  [] 
VM19228:26 len:15 spans:13 sender:Dani receiver:DanielPompermayer ---> []  []  []  [+55 61 9161-3906]  [Dani]  []  [+55 61 9280-4123]  [Daniel Pompermayer]  [Por isso que cheguei hoje no treino de 12:30 achei que fosse só para mulheres estão expulsando os homens kkkkkkkkk]  [Acho que é ao contrário brother, estão expulsando as mulheres! ]  [Acho que é ao contrário brother, estão expulsando as mulheres! ]  [15:11]  [] 
VM19228:26 len:16 spans:12 sender:CarlosEduardoAlmeida receiver:Dani ---> []  []  []  [+55 61 8274-4179]  [Carlos Eduardo Almeida]  []  [+55 61 9161-3906]  [Dani]  [Acho que é ao contrário brother, estão expulsando as mulheres! ]  []  [15:20]  [] 
VM19228:26 len:15 spans:13 sender:DanielPompermayer receiver:Dani ---> []  []  []  [+55 61 9280-4123]  [Daniel Pompermayer]  []  [+55 61 9161-3906]  [Dani]  [Acho que é ao contrário brother, estão expulsando as mulheres! ]  [Eita ae não pode]  [Eita ae não pode]  [15:42]  [] 
VM19228:26 len:15 spans:11 sender:MariGatinha receiver:KarlaSalvatierraMuayThai ---> []  []  []  [Mari Gatinha]  []  [Karla Salvatierra Muay Thai]  [Durinho agora]  [Eai?]  [Eai?]  [17:08]  [] 
VM19228:26 len:17 spans:11 sender:KarlaSalvatierraMuayThai receiver:0:07 ---> []  []  []  [Karla Salvatierra Muay Thai]  []  []  [0:07]  []  [17:16]  []  [] 
VM19228:26 len:17 spans:11 sender:KarlaSalvatierraMuayThai receiver:0:47 ---> []  []  []  [Karla Salvatierra Muay Thai]  []  []  [0:47]  []  [17:21]  []  [] 
VM19228:26 len:19 spans:13 sender:MariGatinha receiver:DanielPompermayer ---> []  []  []  [Mari Gatinha]  []  [+55 61 9280-4123]  [Daniel Pompermayer]  []  [Photo]  [Tô só vendo vc bebendo e ñ chamando os migles]  [Tô só vendo vc bebendo e ñ chamando os migles]  [19:24]  [] 
VM19228:26 len:15 spans:13 sender:DanielPompermayer receiver:MariGatinha ---> []  [+55 61 9280-4123]  [Daniel Pompermayer]  []  [Mari Gatinha]  [Tô só vendo vc bebendo e ñ chamando os migles]  [Chamei o @Anderson Cerrado Mma e falei p chamar o povo pq migles não sei pronunciar]  [Chamei o @Anderson Cerrado Mma e falei p chamar o povo pq migles não sei pronunciar]  [@Anderson Cerrado Mma]  [@]  [Anderson Cerrado Mma]  [19:31]  [] 
VM19228:26 len:19 spans:14 sender:GustavoFilizzola receiver:DanielPompermayer ---> []  []  []  [+55 61 8303-0465]  [Gustavo Filizzola]  []  [+55 61 9280-4123]  [Daniel Pompermayer]  []  [Photo]  [Eita minha época de Mercado Central em Belo  Horizonte....podemos até sair da roça, mas roça não saí fácil dagente....]  [Eita minha época de Mercado Central em Belo  Horizonte....podemos até sair da roça, mas roça não saí fácil dagente....]  [19:33]  [] 
VM19228:26 len:17 spans:15 sender:MariGatinha receiver:DanielPompermayer ---> []  []  []  [Mari Gatinha]  []  [+55 61 9280-4123]  [Daniel Pompermayer]  [Chamei o @Anderson Cerrado Mma e falei p chamar o povo pq migles não sei pronunciar]  [@Anderson Cerrado Mma]  [@]  [Anderson Cerrado Mma]  []  []  [19:35]  [] 
VM19228:26 len:17 spans:10 sender:MariGatinha receiver:DanielPompermayer ---> []  [Mari Gatinha]  []  [+55 61 9280-4123]  [Daniel Pompermayer]  [Só que ele está de cama]  []  []  [19:35]  [] 
VM19228:26 len:15 spans:12 sender:DanielPompermayer receiver:AndersonCerradoMma ---> []  []  []  [+55 61 9280-4123]  [Daniel Pompermayer]  []  [Anderson Cerrado Mma]  []  [500 chutes segunda 


Grato]  [500 chutes segunda 


Grato]  [19:36]  [] 
VM19228:26 len:17 spans:13 sender:Mateus receiver:DanielPompermayer ---> []  []  []  [+55 86 8128-0430]  [Mateus]  []  [+55 61 9280-4123]  [Daniel Pompermayer]  [500 chutes segunda 


Grato]  []  []  [19:36]  [] 
VM19228:26 len:15 spans:19 sender:Dani receiver:DanielPompermayer ---> []  []  []  [+55 61 9161-3906]  [Dani]  []  [+55 61 9280-4123]  [Daniel Pompermayer]  [@Dani e @Carlos Eduardo Almeida aprovam]  [@Dani]  [@]  [Dani]  [@Carlos Eduardo Almeida]  [@]  [Carlos Eduardo Almeida]  [Eu não tenho perna direita! Desde ontem!!! ]  [Eu não tenho perna direita! Desde ontem!!! ]  [19:41]  [] 
VM19228:26 len:17 spans:12 sender:MariGatinha receiver:Mateus ---> []  []  []  [Mari Gatinha]  []  [+55 86 8128-0430]  [Mateus]  []  []  []  [19:42]  [] 
VM19228:26 len:17 spans:13 sender:Dani receiver:DanielPompermayer ---> []  []  []  [+55 61 9161-3906]  [Dani]  []  [+55 61 9280-4123]  [Daniel Pompermayer]  [500 chutes segunda 


Grato]  []  []  [19:45]  [] 
VM19228:26 len:15 spans:13 sender:DanielPompermayer receiver:Dani ---> []  []  []  [+55 61 9280-4123]  [Daniel Pompermayer]  []  [+55 61 9161-3906]  [Dani]  [Eu não tenho perna direita! Desde ontem!!! ]  [Pode melhorar]  [Pode melhorar]  [19:46]  [] 
VM19228:26 len:15 spans:13 sender:DanielPompermayer receiver:Dani ---> []  []  []  [+55 61 9280-4123]  [Daniel Pompermayer]  []  [+55 61 9161-3906]  [Dani]  [Eu não tenho perna direita! Desde ontem!!! ]  [Se achar ruim mude da turma ...]  [Se achar ruim mude da turma ...]  [19:52]  [] 
VM19228:26 len:17 spans:12 sender:KarlaSalvatierraMuayThai receiver:DanielPompermayer ---> []  []  []  [Karla Salvatierra Muay Thai]  []  [+55 61 9280-4123]  [Daniel Pompermayer]  [Se achar ruim mude da turma ...]  []  []  [19:53]  [] 
VM19228:26 len:15 spans:13 sender:Dani receiver:DanielPompermayer ---> []  []  []  [+55 61 9161-3906]  [Dani]  []  [+55 61 9280-4123]  [Daniel Pompermayer]  [Se achar ruim mude da turma ...]  [É só eu não fazer mais chute com você. Anotado. ]  [É só eu não fazer mais chute com você. Anotado. ]  [19:55]  [] 
VM19228:26 len:15 spans:19 sender:AnaCristina receiver:Dani ---> []  []  []  [+55 61 8546-8240]  [Ana Cristina]  []  [+55 61 9161-3906]  [Dani]  [É só eu não fazer mais chute com você. Anotado. ]  [@Daniel Pompermayer não fale
Assim com a @Dani te pagamos na porrada garoto oxii mudar de
 Turma o que, oxiii rummm]  [@Daniel Pompermayer não fale
Assim com a @Dani te pagamos na porrada garoto oxii mudar de
 Turma o que, oxiii rummm]  [@Daniel Pompermayer]  [@]  [Daniel Pompermayer]  [@Dani]  [@]  [Dani]  [20:00]  [] 
VM19228:26 len:15 spans:13 sender:CamilaOliveira receiver:Dani ---> []  []  []  [+55 61 9665-8187]  [Camila Oliveira]  []  [+55 61 9161-3906]  [Dani]  []  []  []  [20:01]  [] 
VM19228:26 len:17 spans:17 sender:DanielPompermayer receiver:AnaCristina ---> []  [+55 61 9280-4123]  [Daniel Pompermayer]  []  [+55 61 8546-8240]  [Ana Cristina]  [@Daniel Pompermayer não fale
Assim com a @Dani te pagamos na porrada garoto oxii mudar de
 Turma o que, oxiii rummm]  [@Daniel Pompermayer]  [@]  [Daniel Pompermayer]  [@Dani]  [@]  [Dani]  []  []  [20:02]  [] 
VM19228:26 len:16 spans:13 sender:CamilaOliveira receiver:KarlaSalvatierraMuayThai ---> []  []  []  [+55 61 9665-8187]  [Camila Oliveira]  []  [Karla Salvatierra Muay Thai]  []  []  []  []  [20:02]  [] 
VM19228:26 len:17 spans:13 sender:AnaCristina receiver:DanielPompermayer ---> []  []  []  [+55 61 8546-8240]  [Ana Cristina]  []  [+55 61 9280-4123]  [Daniel Pompermayer]  []  []  []  [20:02]  [] 
VM19228:26 len:15 spans:11 sender:AnaCristina receiver:DanielPompermayer ---> []  [+55 61 8546-8240]  [Ana Cristina]  []  [+55 61 9280-4123]  [Daniel Pompermayer]  [Volte primeiro depois conversa]  [Nem sei se
Volto kkk]  [Nem sei se
Volto kkk]  [20:03]  [] 
VM19228:26 len:15 spans:19 sender:Dani receiver:AnaCristina ---> []  []  []  [+55 61 9161-3906]  [Dani]  []  [+55 61 8546-8240]  [Ana Cristina]  [@Daniel Pompermayer não fale
Assim com a @Dani te pagamos na porrada garoto oxii mudar de
 Turma o que, oxiii rummm]  [@Daniel Pompermayer]  [@]  [Daniel Pompermayer]  [@Dani]  [@]  [Dani]  [Lindaaa!!!!!  volta logo!!!! ]  [Lindaaa!!!!!  volta logo!!!! ]  [20:07]  [] 
VM19228:26 len:15 spans:13 sender:CamilaOliveira receiver:DanielPompermayer ---> []  []  []  [+55 61 9665-8187]  [Camila Oliveira]  []  [+55 61 9280-4123]  [Daniel Pompermayer]  [Se achar ruim mude da turma ...]  [Daniel, ela pode até mudar de turma... Mas a dica que o mestre deixou na sexta pode ser passada pra frente... Sobre algumas partes suscetiveis... Lembra???  Cuidado, migles... kkkkkkkkkkkkkkkk]  [Daniel, ela pode até mudar de turma... Mas a dica que o mestre deixou na sexta pode ser passada pra frente... Sobre algumas partes suscetiveis... Lembra???  Cuidado, migles... kkkkkkkkkkkkkkkk]  [20:08]  [] 
VM19228:26 len:15 spans:11 sender:AnaCristina receiver:Dani ---> []  [+55 61 8546-8240]  [Ana Cristina]  []  [+55 61 9161-3906]  [Dani]  [Lindaaa!!!!!  volta logo!!!! ]  [Jaja ]  [Jaja ]  [20:13]  [] 
VM19228:26 len:15 spans:13 sender:GustavoFilizzola receiver:CamilaOliveira ---> []  []  []  [+55 61 8303-0465]  [Gustavo Filizzola]  []  [+55 61 9665-8187]  [Camila Oliveira]  [Foi mal... A culpa e do vinho ]  [Sempre ! Depois que o gênio sai da garrafa....não volta mais....]  [Sempre ! Depois que o gênio sai da garrafa....não volta mais....]  [20:22]  [] 
VM19228:26 len:17 spans:13 sender:AnaCristina receiver:DanielPompermayer ---> []  []  []  [+55 61 8546-8240]  [Ana Cristina]  []  [+55 61 9280-4123]  [Daniel Pompermayer]  [Nunca faltei com respeito e não faltarei só zueira ..... tamu junto ]  []  []  [20:52]  [] 
VM19228:26 len:17 spans:12 sender:MariFreitas receiver:DanielPompermayer ---> []  []  []  [Mari Freitas]  []  [+55 61 9280-4123]  [Daniel Pompermayer]  [500 chutes segunda 


Grato]  []  []  [21:02]  [] 
VM19228:26 len:16 spans:12 sender:Mateus receiver:AndersonCerradoMma ---> []  []  []  [+55 86 8128-0430]  [Mateus]  []  [Anderson Cerrado Mma]  [Agradeça a Deus por mais um dia de vida, você tem motivos de sobra, dificuldades fazem parte do processo de amadurecimento. Tudo tem um propósito para Deus, seja forte e corajoso, não tema, lute até o fim , que Jesus Cristo lhe abençoe sempre! Bom dia.]  []  []  [08:12]  [] 
VM19228:26 len:20 spans:12 sender:OFUTUROADEUSPERTENCE receiver:BrunoThai ---> []  []  []  [+55 61 9310-9139]  [O FUTURO A DEUS PERTENCE]  []  [Bruno Thai]  []  [GIF]  []  [11:02]  [] 
VM19228:26 len:19 spans:12 sender:VerandaCerradoMma receiver:BrunoThai ---> []  []  []  [Veranda Cerrado Mma]  []  [Bruno Thai]  []  [GIF]  [Falta de Oss isso ai]  [Falta de Oss isso ai]  [11:02]  [] 
VM19228:26 len:15 spans:81 sender:KleberO.Moraes receiver:AndersonCerradoMma ---> []  []  []  [+55 61 9554-5495]  [Kleber O. Moraes]  []  [Anderson Cerrado Mma]  [@Alessandra Chaul @Alexandre @Antônio Neto @Bárbara Silva @Carol @Dandara @Gabriel Góes Lucas @Gabriel Muay Thai @Izabela @Kleber O. Moraes @Larissa Emanuelle @+55 61 8133-4255 @Luan @Mateus @Matteo Guimarães Portella @Max Muay Thai Novo @Natalia Moreira @Nathalia  @S£rgio @+55 61 9373-0824 @YagoRenz @+55 61 8259-3004]  [@Alessandra Chaul]  [@]  [Alessandra Chaul]  [@Alexandre]  [@]  [Alexandre]  [@Antônio Neto]  [@]  [Antônio Neto]  [@Bárbara Silva]  [@]  [Bárbara Silva]  [@Carol]  [@]  [Carol]  [@Dandara]  [@]  [Dandara]  [@Gabriel Góes Lucas]  [@]  [Gabriel Góes Lucas]  [@Gabriel Muay Thai]  [@]  [Gabriel Muay Thai]  [@Izabela]  [@]  [Izabela]  [@Kleber O. Moraes]  [@]  [Kleber O. Moraes]  [@Larissa Emanuelle]  [@]  [Larissa Emanuelle]  [@+55 61 8133-4255]  [@]  [+55 61 8133-4255]  [@Luan]  [@]  [Luan]  [@Mateus]  [@]  [Mateus]  [@Matteo Guimarães Portella]  [@]  [Matteo Guimarães Portella]  [@Max Muay Thai Novo]  [@]  [Max Muay Thai Novo]  [@Natalia Moreira]  [@]  [Natalia Moreira]  [@Nathalia ]  [@]  [Nathalia ]  [@S£rgio]  [@]  [S£rgio]  [@+55 61 9373-0824]  [@]  [+55 61 9373-0824]  [@YagoRenz]  [@]  [YagoRenz]  [@+55 61 8259-3004]  [@]  [+55 61 8259-3004]  [Vou treinar hoje @Anderson Cerrado Mma]  [Vou treinar hoje @Anderson Cerrado Mma]  [@Anderson Cerrado Mma]  [@]  [Anderson Cerrado Mma]  [08:09]  [] 
VM19228:26 len:19 spans:12 sender:KarlaSalvatierraMuayThai receiver:AndersonCerradoMma ---> []  []  []  [Karla Salvatierra Muay Thai]  []  [Anderson Cerrado Mma]  []  [Photo]  [Itimalia ]  [Itimalia ]  [09:15]  [] 
VM19228:26 len:15 spans:11 sender:VerandaCerradoMma receiver:AndersonCerradoMma ---> []  []  []  [Veranda Cerrado Mma]  []  [Anderson Cerrado Mma]  [Hoje tem fotinha !!]  [Só pq eu não vou ]  [Só pq eu não vou ]  [09:16]  [] 
VM19228:26 len:19 spans:13 sender:MacarenaRuiz receiver:AndersonCerradoMma ---> []  []  []  [+55 61 8177-4708]  [Macarena Ruiz ]  []  [Anderson Cerrado Mma]  []  [Photo]  [O dia que eu não estou, nesse dia tiram foto neee?]  [O dia que eu não estou, nesse dia tiram foto neee?]  [11:08]  [] 
VM19228:26 len:15 spans:11 sender:MariFreitas receiver:CarolKedeMuayThai ---> []  []  []  [Mari Freitas]  []  [Carol Kede Muay Thai]  [Igual a de 7h45 ]  [ahaaam hahahahaahaha]  [ahaaam hahahahaahaha]  [11:08]  [] 
VM19228:26 len:17 spans:15 sender:DiogoRocha receiver:MariFreitas ---> []  []  []  [+55 61 9884-0919]  [Diogo Rocha]  []  [Mari Freitas]  [saudades, @Diogo Rocha  ]  [@Diogo Rocha]  [@]  [Diogo Rocha]  []  []  [11:10]  [] 
VM19228:26 len:15 spans:11 sender:AndersonCerradoMma receiver:CarolKedeMuayThai ---> []  []  []  [Anderson Cerrado Mma]  []  [Carol Kede Muay Thai]  [Igual a de 7h45 ]  [07:45 parece que tá na micareta]  [07:45 parece que tá na micareta]  [11:13]  [] 
VM19228:26 len:15 spans:12 sender:AdrianaReis receiver:AndersonCerradoMma ---> []  []  []  [+55 61 9974-1003]  [Adriana Reis]  []  [Anderson Cerrado Mma]  [07:45 parece que tá na micareta]  [Kkkk]  [Kkkk]  [11:13]  [] 
VM19228:26 len:17 spans:12 sender:MariFreitas receiver:DiogoRocha ---> []  []  []  [Mari Freitas]  []  [+55 61 9884-0919]  [Diogo Rocha]  [Voltando agora, depois faço uma aula 12:30 ]  []  []  [11:14]  [] 
VM19228:26 len:15 spans:11 sender:CarolKedeMuayThai receiver:AndersonCerradoMma ---> []  []  []  [Carol Kede Muay Thai]  []  [Anderson Cerrado Mma]  [07:45 parece que tá na micareta]  [Uahauahauahuahaya]  [Uahauahauahuahaya]  [11:14]  [] 
VM19228:26 len:19 spans:12 sender:MariRamos receiver:AndersonCerradoMma ---> []  []  []  [Mari Ramos]  []  [Anderson Cerrado Mma]  []  [Photo]  [Amo essa turma uniformizada ]  [Amo essa turma uniformizada ]  [11:15]  [] 
VM19228:26 len:19 spans:13 sender:Maylla receiver:AndersonCerradoMma ---> []  []  []  [+55 61 8120-0110]  [Maylla]  []  [Anderson Cerrado Mma]  []  [Photo]  [Essa turma e sucesso!! Projeto 2020 e voltar com tudo!!]  [Essa turma e sucesso!! Projeto 2020 e voltar com tudo!!]  [11:35]  [] 
VM19228:26 len:15 spans:12 sender:MariRamos receiver:Maylla ---> []  []  []  [Mari Ramos]  []  [+55 61 8120-0110]  [Maylla]  [Essa turma e sucesso!! Projeto 2020 e voltar com tudo!!]  [Saudades maaaa ]  [Saudades maaaa ]  [11:48]  [] 
VM19228:26 len:20 spans:13 sender:MariFreitas receiver:AndersonCerradoMma ---> []  []  []  [Mari Freitas]  []  [Anderson Cerrado Mma]  []  [Photo]  []  []  []  [13:37]  [] 
VM19228:26 len:15 spans:12 sender:MarianaCyncynates receiver:VerandaCerradoMma ---> []  []  []  [+55 61 8267-3817]  [Mariana Cyncynates]  []  [Veranda Cerrado Mma]  [Eu fui eu tava ]  [Hahahaaha]  [Hahahaaha]  [13:43]  [] 
VM19228:26 len:21 spans:11 sender:VerandaCerradoMma receiver:VerandaCerradoMma ---> []  []  []  [Veranda Cerrado Mma]  []  [Veranda Cerrado Mma]  []  [Photo]  []  [14:41]  [] 
VM19228:26 len:20 spans:12 sender:AnaCristina receiver:VerandaCerradoMma ---> []  []  []  [+55 61 8546-8240]  [Ana Cristina]  []  [Veranda Cerrado Mma]  []  [Photo]  []  [15:09]  [] 
VM19228:26 len:19 spans:13 sender:GustavoFilizzola receiver:VerandaCerradoMma ---> []  []  []  [+55 61 8303-0465]  [Gustavo Filizzola]  []  [Veranda Cerrado Mma]  []  [Photo]  [Uai, Mari. Já está ótima sua foto !]  [Uai, Mari. Já está ótima sua foto !]  [18:08]  [] 
VM19228:26 len:15 spans:12 sender:AdrianaReis receiver:AndersonCerradoMma ---> []  []  []  [+55 61 9974-1003]  [Adriana Reis]  []  [Anderson Cerrado Mma]  [Tudo na vida se resume no Foco, o quanto você da importância ou prioriza um determinado assunto em sua vida irá dizer seu futuro, escolha bem , peça sabedoria a nosso senhor Jesus Cristo e siga na busca por seus sonhos! Bom dia.]  []  []  [13:20]  [] 
VM19228:26 len:15 spans:12 sender:AndersonCerradoMma receiver:AlessandraChaul ---> []  []  []  [Anderson Cerrado Mma]  []  [+55 61 9992-8879]  [Alessandra Chaul]  [Amém]  [Cadê vc]  [Cadê vc]  [09:21]  [] 
VM19228:26 len:15 spans:12 sender:MariaJoséBorges receiver:AndersonCerradoMma ---> []  []  []  [+55 61 9632-5454]  [Maria José Borges]  []  [Anderson Cerrado Mma]  [Galera sempre que se sentirem desconfortáveis com algo , ou se estiverem precisando de algum tipo de ajuda e só me chamar , além de professor sou amigo de vocês contém sempre comigo !!!!!! Ótimo final de semana !!!]  []  []  [11:00]  [] 
VM19228:26 len:16 spans:10 sender:Lara receiver:VerandaCerradoMma ---> []  []  []  [+55 61 8147-1588]  [Lara]  []  [Veranda Cerrado Mma]  [Jubileu tá esquisito hoje ]  [11:01]  [] 
VM19228:26 len:15 spans:11 sender:VerandaCerradoMma receiver:Lara ---> []  []  []  [Veranda Cerrado Mma]  []  [+55 61 8147-1588]  [Lara]  [Ainn tava querendo essa , caraaa  obigadinha]  [Ainn tava querendo essa , caraaa  obigadinha]  [11:01]  [] 
VM19228:26 len:15 spans:11 sender:MariFreitas receiver:Lara ---> []  []  []  [Mari Freitas]  []  [+55 61 8147-1588]  [Lara]  [Amo essa figurinha!]  [Amo essa figurinha!]  [11:01]  [] 
VM19228:26 len:17 spans:11 sender:LucianaPimenta receiver:AndersonCerradoMma ---> []  []  []  [+55 61 8158-9924]  [Luciana Pimenta]  []  [Anderson Cerrado Mma]  [Galera sempre que se sentirem desconfortáveis com algo , ou se estiverem precisando de algum tipo de ajuda e só me chamar , além de professor sou amigo de vocês contém sempre comigo !!!!!! Ótimo final de semana !!!]  []  [11:03]  [] 
VM19228:26 len:17 spans:11 sender:MariGatinha receiver:AndersonCerradoMma ---> []  []  []  [Mari Gatinha]  []  [Anderson Cerrado Mma]  [Galera sempre que se sentirem desconfortáveis com algo , ou se estiverem precisando de algum tipo de ajuda e só me chamar , além de professor sou amigo de vocês contém sempre comigo !!!!!! Ótimo final de semana !!!]  []  []  [11:10]  [] 
VM19228:26 len:16 spans:10 sender:JacquelineFerreira receiver:AndersonCerradoMma ---> []  []  []  [+55 61 9884-8457]  [Jacqueline Ferreira]  []  [Anderson Cerrado Mma]  [Galera sempre que se sentirem desconfortáveis com algo , ou se estiverem precisando de algum tipo de ajuda e só me chamar , além de professor sou amigo de vocês contém sempre comigo !!!!!! Ótimo final de semana !!!]  [11:36]  [] 
VM19228:26 len:15 spans:12 sender:DiogoVanelli receiver:AndersonCerradoMma ---> []  []  []  [+55 61 8191-1996]  [Diogo Vanelli]  []  [Anderson Cerrado Mma]  [Galera sempre que se sentirem desconfortáveis com algo , ou se estiverem precisando de algum tipo de ajuda e só me chamar , além de professor sou amigo de vocês contém sempre comigo !!!!!! Ótimo final de semana !!!]  [Valeu, mestre!!]  [Valeu, mestre!!]  [11:38]  [] 
VM19228:26 len:17 spans:12 sender:LUIINK receiver:AndersonCerradoMma ---> []  []  []  [+55 61 8118-0061]  [LUIINK]  []  [Anderson Cerrado Mma]  [Galera sempre que se sentirem desconfortáveis com algo , ou se estiverem precisando de algum tipo de ajuda e só me chamar , além de professor sou amigo de vocês contém sempre comigo !!!!!! Ótimo final de semana !!!]  []  []  [11:57]  [] 
VM19228:26 len:15 spans:12 sender:Nucha receiver:AndersonCerradoMma ---> []  []  []  [+55 61 9669-7608]  [Nucha]  []  [Anderson Cerrado Mma]  [Galera sempre que se sentirem desconfortáveis com algo , ou se estiverem precisando de algum tipo de ajuda e só me chamar , além de professor sou amigo de vocês contém sempre comigo !!!!!! Ótimo final de semana !!!]  [Lindo ]  [Lindo ]  [12:07]  [] 
VM19228:26 len:15 spans:12 sender:Maylla receiver:AndersonCerradoMma ---> []  []  []  [+55 61 8120-0110]  [Maylla]  []  [Anderson Cerrado Mma]  [Galera sempre que se sentirem desconfortáveis com algo , ou se estiverem precisando de algum tipo de ajuda e só me chamar , além de professor sou amigo de vocês contém sempre comigo !!!!!! Ótimo final de semana !!!]  [Muito fã! E tão bonito ver pessoas do bem como você!! 

Gratidão!!]  [Muito fã! E tão bonito ver pessoas do bem como você!! 

Gratidão!!]  [18:18]  [] 
VM19228:26 len:16 spans:11 sender:MarianaCyncynates receiver:AndersonCerradoMma ---> []  []  []  [+55 61 8267-3817]  [Mariana Cyncynates]  []  [Anderson Cerrado Mma]  [Galera sempre que se sentirem desconfortáveis com algo , ou se estiverem precisando de algum tipo de ajuda e só me chamar , além de professor sou amigo de vocês contém sempre comigo !!!!!! Ótimo final de semana !!!]  []  [18:27]  [] 
VM19228:26 len:15 spans:12 sender:CamilaOliveira receiver:AndersonCerradoMma ---> []  []  []  [+55 61 9665-8187]  [Camila Oliveira]  []  [Anderson Cerrado Mma]  [Galera sempre que se sentirem desconfortáveis com algo , ou se estiverem precisando de algum tipo de ajuda e só me chamar , além de professor sou amigo de vocês contém sempre comigo !!!!!! Ótimo final de semana !!!]  [Fofo!!!!]  [Fofo!!!!]  [18:33]  [] 
VM19228:26 len:15 spans:12 sender:MariFreitas receiver:LucianaPimenta ---> []  []  []  [Mari Freitas]  []  [+55 61 8158-9924]  [Luciana Pimenta]  [vixi maria! hahaha]  [HAHAHAHAHHA Não fomos favorecidas .. aliás, EU não fui ]  [HAHAHAHAHHA Não fomos favorecidas .. aliás, EU não fui ]  [19:44]  [] 
VM19228:26 len:15 spans:12 sender:LucianaPimenta receiver:MariFreitas ---> []  []  []  [+55 61 8158-9924]  [Luciana Pimenta]  []  [Mari Freitas]  [HAHAHAHAHHA Não fomos favorecidas .. aliás, EU não fui ]  [Fomos, Mari! Deuzulivre]  [Fomos, Mari! Deuzulivre]  [19:45]  [] 
VM19228:26 len:15 spans:12 sender:CamilaOliveira receiver:MariFreitas ---> []  []  []  [+55 61 9665-8187]  [Camila Oliveira]  []  [Mari Freitas]  [HAHAHAHAHHA Não fomos favorecidas .. aliás, EU não fui ]  [Foram sim. Estão Mara!!!]  [Foram sim. Estão Mara!!!]  [20:28]  [] 
VM19228:26 len:18 spans:13 sender:VerandaCerradoMma receiver:CamilaOliveira ---> []  []  []  [Veranda Cerrado Mma]  []  [+55 61 9665-8187]  [Camila Oliveira]  [Vcs são lindas sempre!!!!]  []  []  []  [20:53]  [] 
VM19228:26 len:15 spans:12 sender:Marília receiver:AndersonCerradoMma ---> []  []  []  [+55 61 8349-2623]  [Marília]  []  [Anderson Cerrado Mma]  [A vida só tem fim para quem desisti de viver, lute a cada segundo por seu sonho, nada pode parar quem Deus escolheu para vencer,  blinde sua cabeça e siga em frente! Que Jesus Cristo abençoe seu dia! ]  [ Bom dia!]  [ Bom dia!]  [10:13]  [] 
VM19228:26 len:15 spans:11 sender:VerandaCerradoMma receiver:AndersonCerradoMma ---> []  []  []  [Veranda Cerrado Mma]  []  [Anderson Cerrado Mma]  [A vida só tem fim para quem desisti de viver, lute a cada segundo por seu sonho, nada pode parar quem Deus escolheu para vencer,  blinde sua cabeça e siga em frente! Que Jesus Cristo abençoe seu dia! ]  [Amémm e bondinha]  [Amémm e bondinha]  [10:14]  [] 
VM19228:26 len:15 spans:12 sender:MariaJoséBorges receiver:AndersonCerradoMma ---> []  []  []  [+55 61 9632-5454]  [Maria José Borges]  []  [Anderson Cerrado Mma]  [A vida só tem fim para quem desisti de viver, lute a cada segundo por seu sonho, nada pode parar quem Deus escolheu para vencer,  blinde sua cabeça e siga em frente! Que Jesus Cristo abençoe seu dia! ]  [Uhuuuuuu!! Bom dia!!! ]  [Uhuuuuuu!! Bom dia!!! ]  [11:04]  [] 
VM19228:26 len:15 spans:11 sender:MariFreitas receiver:DanielCerradoMma ---> []  []  []  [Mari Freitas]  []  [Daniel Cerrado Mma]  [ valeu general, valeu Gustavo]  [Feliz aniversário, xaropin! Você grita muito mas eu gosto de vc! ]  [Feliz aniversário, xaropin! Você grita muito mas eu gosto de vc! ]  [09:35]  [] 
VM19228:26 len:15 spans:11 sender:JoaoCerrado receiver:DanielCerradoMma ---> []  []  []  [Joao Cerrado]  []  [Daniel Cerrado Mma]  [ valeu general, valeu Gustavo]  [Parabéns mestre, máximo respeito , que deus abençoe vc e sua família.]  [Parabéns mestre, máximo respeito , que deus abençoe vc e sua família.]  [09:43]  [] 
VM19228:26 len:16 spans:12 sender:DiogoRocha receiver:eudepoisdotreinodehj ---> []  []  []  [+55 61 9884-0919]  [Diogo Rocha]  []  []  [eu depois do treino de hj]  [eu depois do treino de hj]  [15:06]  []  [] 
VM19228:26 len:15 spans:10 sender:AndersonCerradoMma receiver:VerandaCerradoMma ---> []  []  []  [Anderson Cerrado Mma]  []  [Veranda Cerrado Mma]  [Mas que eu não são !!!]  [Mas que eu não são !!!]  [15:08]  [] 
VM19228:26 len:20 spans:13 sender:MariRamos receiver:DiogoRocha ---> []  []  []  [Mari Ramos]  []  [+55 61 9884-0919]  [Diogo Rocha]  []  [eu depois do treino de hj]  []  []  [15:13]  [] 
VM19228:26 len:15 spans:13 sender:OFUTUROADEUSPERTENCE receiver:MarianaCyncynates ---> []  []  []  [+55 61 9310-9139]  [O FUTURO A DEUS PERTENCE]  []  [+55 61 8267-3817]  [Mariana Cyncynates]  [Prof e coleguinhas das 10h. 

Vou precisar me ausentar um pouco por causa do meu dedo. Eu refissurei ele e acho que é melhor eu ficar quieta pra ele voltar ao normal.

Fico triste pq finalmente tava conseguindo me livrar da alergia do nariz e voltar a treinar melhorzinha. Mas enfim...coisas da vida!
Vou sentir saudades! 
Eu volto heinnn ]  [Melhoras!
]  [Melhoras!
]  [15:17]  [] 
VM19228:26 len:15 spans:13 sender:DiogoRocha receiver:MarianaCyncynates ---> []  []  []  [+55 61 9884-0919]  [Diogo Rocha]  []  [+55 61 8267-3817]  [Mariana Cyncynates]  [Prof e coleguinhas das 10h. 

Vou precisar me ausentar um pouco por causa do meu dedo. Eu refissurei ele e acho que é melhor eu ficar quieta pra ele voltar ao normal.

Fico triste pq finalmente tava conseguindo me livrar da alergia do nariz e voltar a treinar melhorzinha. Mas enfim...coisas da vida!
Vou sentir saudades! 
Eu volto heinnn ]  [Melhoras bailarina!]  [Melhoras bailarina!]  [15:18]  [] 
VM19228:26 len:15 spans:10 sender:AndersonCerradoMma receiver:MarianaCyncynates ---> []  [Anderson Cerrado Mma]  []  [+55 61 8267-3817]  [Mariana Cyncynates]  [Prof e coleguinhas das 10h. 

Vou precisar me ausentar um pouco por causa do meu dedo. Eu refissurei ele e acho que é melhor eu ficar quieta pra ele voltar ao normal.

Fico triste pq finalmente tava conseguindo me livrar da alergia do nariz e voltar a treinar melhorzinha. Mas enfim...coisas da vida!
Vou sentir saudades! 
Eu volto heinnn ]  [Melhoras bailarina]  [Melhoras bailarina]  [15:20]  [] 
VM19228:26 len:16 spans:122 sender:OFUTUROADEUSPERTENCE receiver:AndersonCerradoMma ---> []  []  []  [+55 61 9310-9139]  [O FUTURO A DEUS PERTENCE]  []  [Anderson Cerrado Mma]  [@Kleber O. Moraes @O FUTURO A DEUS PERTENCE @Alessandra Chaul @Alexandre @Ana Cristina @Bárbara Silva @Coêlho  @Carlos Eduardo Almeida @Camilla Dantas @Carol Silveira @Carol @Catarina Jaborandy @Gabriel Góes Lucas @Gabriel Muay Thai @Gustavo Filizzola @Jacqueline Ferreira @Joao Cerrado @Lara @+55 61 8133-4255 @Luan @Macarena Ruiz  @Maria José Borges @Mariana Cyncynates @Mari Gatinha @Marília @Mateus @+55 62 8313-8797 @Matheus Rodrigues @Matteo Guimarães Portella @Maylla @Rafael @ Samara  @S£rgio @+55 61 9373-0824 @+55 61 8159-1233 @YagoRenz @+55 61 8259-3004]  [@Kleber O. Moraes]  [@]  [Kleber O. Moraes]  [@O FUTURO A DEUS PERTENCE]  [@]  [O FUTURO A DEUS PERTENCE]  [@Alessandra Chaul]  [@]  [Alessandra Chaul]  [@Alexandre]  [@]  [Alexandre]  [@Ana Cristina]  [@]  [Ana Cristina]  [@Bárbara Silva]  [@]  [Bárbara Silva]  [@Coêlho ]  [@]  [Coêlho ]  [@Carlos Eduardo Almeida]  [@]  [Carlos Eduardo Almeida]  [@Camilla Dantas]  [@]  [Camilla Dantas]  [@Carol Silveira]  [@]  [Carol Silveira]  [@Carol]  [@]  [Carol]  [@Catarina Jaborandy]  [@]  [Catarina Jaborandy]  [@Gabriel Góes Lucas]  [@]  [Gabriel Góes Lucas]  [@Gabriel Muay Thai]  [@]  [Gabriel Muay Thai]  [@Gustavo Filizzola]  [@]  [Gustavo Filizzola]  [@Jacqueline Ferreira]  [@]  [Jacqueline Ferreira]  [@Joao Cerrado]  [@]  [Joao Cerrado]  [@Lara]  [@]  [Lara]  [@+55 61 8133-4255]  [@]  [+55 61 8133-4255]  [@Luan]  [@]  [Luan]  [@Macarena Ruiz ]  [@]  [Macarena Ruiz ]  [@Maria José Borges]  [@]  [Maria José Borges]  [@Mariana Cyncynates]  [@]  [Mariana Cyncynates]  [@Mari Gatinha]  [@]  [Mari Gatinha]  [@Marília]  [@]  [Marília]  [@Mateus]  [@]  [Mateus]  [@+55 62 8313-8797]  [@]  [+55 62 8313-8797]  [@Matheus Rodrigues]  [@]  [Matheus Rodrigues]  [@Matteo Guimarães Portella]  [@]  [Matteo Guimarães Portella]  [@Maylla]  [@]  [Maylla]  [@Rafael]  [@]  [Rafael]  [@ Samara ]  [@]  [ Samara ]  [@S£rgio]  [@]  [S£rgio]  [@+55 61 9373-0824]  [@]  [+55 61 9373-0824]  [@+55 61 8159-1233]  [@]  [+55 61 8159-1233]  [@YagoRenz]  [@]  [YagoRenz]  [@+55 61 8259-3004]  [@]  [+55 61 8259-3004]  []  [15:20]  [] 
VM19228:26 len:16 spans:11 sender:MariRamos receiver:MarianaCyncynates ---> []  []  []  [Mari Ramos]  []  [+55 61 8267-3817]  [Mariana Cyncynates]  [Prof e coleguinhas das 10h. 

Vou precisar me ausentar um pouco por causa do meu dedo. Eu refissurei ele e acho que é melhor eu ficar quieta pra ele voltar ao normal.

Fico triste pq finalmente tava conseguindo me livrar da alergia do nariz e voltar a treinar melhorzinha. Mas enfim...coisas da vida!
Vou sentir saudades! 
Eu volto heinnn ]  []  [15:23]  [] 
VM19228:26 len:15 spans:123 sender:Alexandre receiver:AndersonCerradoMma ---> []  []  []  [+55 61 8199-8460]  [Alexandre]  []  [Anderson Cerrado Mma]  [@Kleber O. Moraes @O FUTURO A DEUS PERTENCE @Alessandra Chaul @Alexandre @Ana Cristina @Bárbara Silva @Coêlho  @Carlos Eduardo Almeida @Camilla Dantas @Carol Silveira @Carol @Catarina Jaborandy @Gabriel Góes Lucas @Gabriel Muay Thai @Gustavo Filizzola @Jacqueline Ferreira @Joao Cerrado @Lara @+55 61 8133-4255 @Luan @Macarena Ruiz  @Maria José Borges @Mariana Cyncynates @Mari Gatinha @Marília @Mateus @+55 62 8313-8797 @Matheus Rodrigues @Matteo Guimarães Portella @Maylla @Rafael @ Samara  @S£rgio @+55 61 9373-0824 @+55 61 8159-1233 @YagoRenz @+55 61 8259-3004]  [@Kleber O. Moraes]  [@]  [Kleber O. Moraes]  [@O FUTURO A DEUS PERTENCE]  [@]  [O FUTURO A DEUS PERTENCE]  [@Alessandra Chaul]  [@]  [Alessandra Chaul]  [@Alexandre]  [@]  [Alexandre]  [@Ana Cristina]  [@]  [Ana Cristina]  [@Bárbara Silva]  [@]  [Bárbara Silva]  [@Coêlho ]  [@]  [Coêlho ]  [@Carlos Eduardo Almeida]  [@]  [Carlos Eduardo Almeida]  [@Camilla Dantas]  [@]  [Camilla Dantas]  [@Carol Silveira]  [@]  [Carol Silveira]  [@Carol]  [@]  [Carol]  [@Catarina Jaborandy]  [@]  [Catarina Jaborandy]  [@Gabriel Góes Lucas]  [@]  [Gabriel Góes Lucas]  [@Gabriel Muay Thai]  [@]  [Gabriel Muay Thai]  [@Gustavo Filizzola]  [@]  [Gustavo Filizzola]  [@Jacqueline Ferreira]  [@]  [Jacqueline Ferreira]  [@Joao Cerrado]  [@]  [Joao Cerrado]  [@Lara]  [@]  [Lara]  [@+55 61 8133-4255]  [@]  [+55 61 8133-4255]  [@Luan]  [@]  [Luan]  [@Macarena Ruiz ]  [@]  [Macarena Ruiz ]  [@Maria José Borges]  [@]  [Maria José Borges]  [@Mariana Cyncynates]  [@]  [Mariana Cyncynates]  [@Mari Gatinha]  [@]  [Mari Gatinha]  [@Marília]  [@]  [Marília]  [@Mateus]  [@]  [Mateus]  [@+55 62 8313-8797]  [@]  [+55 62 8313-8797]  [@Matheus Rodrigues]  [@]  [Matheus Rodrigues]  [@Matteo Guimarães Portella]  [@]  [Matteo Guimarães Portella]  [@Maylla]  [@]  [Maylla]  [@Rafael]  [@]  [Rafael]  [@ Samara ]  [@]  [ Samara ]  [@S£rgio]  [@]  [S£rgio]  [@+55 61 9373-0824]  [@]  [+55 61 9373-0824]  [@+55 61 8159-1233]  [@]  [+55 61 8159-1233]  [@YagoRenz]  [@]  [YagoRenz]  [@+55 61 8259-3004]  [@]  [+55 61 8259-3004]  [Meu plano termina amanhã! ]  [Meu plano termina amanhã! ]  [15:28]  [] 
VM19228:26 len:15 spans:123 sender:Mateus receiver:AndersonCerradoMma ---> []  []  []  [+55 86 8128-0430]  [Mateus]  []  [Anderson Cerrado Mma]  [@Kleber O. Moraes @O FUTURO A DEUS PERTENCE @Alessandra Chaul @Alexandre @Ana Cristina @Bárbara Silva @Coêlho  @Carlos Eduardo Almeida @Camilla Dantas @Carol Silveira @Carol @Catarina Jaborandy @Gabriel Góes Lucas @Gabriel Muay Thai @Gustavo Filizzola @Jacqueline Ferreira @Joao Cerrado @Lara @+55 61 8133-4255 @Luan @Macarena Ruiz  @Maria José Borges @Mariana Cyncynates @Mari Gatinha @Marília @Mateus @+55 62 8313-8797 @Matheus Rodrigues @Matteo Guimarães Portella @Maylla @Rafael @ Samara  @S£rgio @+55 61 9373-0824 @+55 61 8159-1233 @YagoRenz @+55 61 8259-3004]  [@Kleber O. Moraes]  [@]  [Kleber O. Moraes]  [@O FUTURO A DEUS PERTENCE]  [@]  [O FUTURO A DEUS PERTENCE]  [@Alessandra Chaul]  [@]  [Alessandra Chaul]  [@Alexandre]  [@]  [Alexandre]  [@Ana Cristina]  [@]  [Ana Cristina]  [@Bárbara Silva]  [@]  [Bárbara Silva]  [@Coêlho ]  [@]  [Coêlho ]  [@Carlos Eduardo Almeida]  [@]  [Carlos Eduardo Almeida]  [@Camilla Dantas]  [@]  [Camilla Dantas]  [@Carol Silveira]  [@]  [Carol Silveira]  [@Carol]  [@]  [Carol]  [@Catarina Jaborandy]  [@]  [Catarina Jaborandy]  [@Gabriel Góes Lucas]  [@]  [Gabriel Góes Lucas]  [@Gabriel Muay Thai]  [@]  [Gabriel Muay Thai]  [@Gustavo Filizzola]  [@]  [Gustavo Filizzola]  [@Jacqueline Ferreira]  [@]  [Jacqueline Ferreira]  [@Joao Cerrado]  [@]  [Joao Cerrado]  [@Lara]  [@]  [Lara]  [@+55 61 8133-4255]  [@]  [+55 61 8133-4255]  [@Luan]  [@]  [Luan]  [@Macarena Ruiz ]  [@]  [Macarena Ruiz ]  [@Maria José Borges]  [@]  [Maria José Borges]  [@Mariana Cyncynates]  [@]  [Mariana Cyncynates]  [@Mari Gatinha]  [@]  [Mari Gatinha]  [@Marília]  [@]  [Marília]  [@Mateus]  [@]  [Mateus]  [@+55 62 8313-8797]  [@]  [+55 62 8313-8797]  [@Matheus Rodrigues]  [@]  [Matheus Rodrigues]  [@Matteo Guimarães Portella]  [@]  [Matteo Guimarães Portella]  [@Maylla]  [@]  [Maylla]  [@Rafael]  [@]  [Rafael]  [@ Samara ]  [@]  [ Samara ]  [@S£rgio]  [@]  [S£rgio]  [@+55 61 9373-0824]  [@]  [+55 61 9373-0824]  [@+55 61 8159-1233]  [@]  [+55 61 8159-1233]  [@YagoRenz]  [@]  [YagoRenz]  [@+55 61 8259-3004]  [@]  [+55 61 8259-3004]  [Quero voltar quarta]  [Quero voltar quarta]  [15:29]  [] 
VM19228:26 len:15 spans:13 sender:Coêlho receiver:MarianaCyncynates ---> []  []  []  [+55 61 9955-8402]  [Coêlho ]  []  [+55 61 8267-3817]  [Mariana Cyncynates]  [Prof e coleguinhas das 10h. 

Vou precisar me ausentar um pouco por causa do meu dedo. Eu refissurei ele e acho que é melhor eu ficar quieta pra ele voltar ao normal.

Fico triste pq finalmente tava conseguindo me livrar da alergia do nariz e voltar a treinar melhorzinha. Mas enfim...coisas da vida!
Vou sentir saudades! 
Eu volto heinnn ]  [Melhoras coleguinha.]  [Melhoras coleguinha.]  [15:49]  [] 
VM19228:26 len:15 spans:13 sender:Coêlho receiver:MarianaCyncynates ---> []  []  []  [+55 61 9955-8402]  [Coêlho ]  []  [+55 61 8267-3817]  [Mariana Cyncynates]  [Obrigada coleguinha]  [Aproveita pra terminar o supletivo.]  [Aproveita pra terminar o supletivo.]  [16:12]  [] 
VM19228:26 len:15 spans:10 sender:DanielCerradoMma receiver:Coêlho ---> []  [Daniel Cerrado Mma]  []  [+55 61 9955-8402]  [Coêlho ]  [Aproveita pra terminar o supletivo.]  [Ola Galera, vamos manter a linha de sempre aqui. Nada de brincadeiras mais pesadas por favor. Brincamos, mas mantemos sempre o caminho do respeito, coletividade e gratidão. 
E nóis...]  [Ola Galera, vamos manter a linha de sempre aqui. Nada de brincadeiras mais pesadas por favor. Brincamos, mas mantemos sempre o caminho do respeito, coletividade e gratidão. 
E nóis...]  [16:28]  [] 
VM19228:26 len:15 spans:122 sender:JoaoCerrado receiver:AndersonCerradoMma ---> []  []  []  [Joao Cerrado]  []  [Anderson Cerrado Mma]  [@Kleber O. Moraes @O FUTURO A DEUS PERTENCE @Alessandra Chaul @Alexandre @Ana Cristina @Bárbara Silva @Coêlho  @Carlos Eduardo Almeida @Camilla Dantas @Carol Silveira @Carol @Catarina Jaborandy @Gabriel Góes Lucas @Gabriel Muay Thai @Gustavo Filizzola @Jacqueline Ferreira @Joao Cerrado @Lara @+55 61 8133-4255 @Luan @Macarena Ruiz  @Maria José Borges @Mariana Cyncynates @Mari Gatinha @Marília @Mateus @+55 62 8313-8797 @Matheus Rodrigues @Matteo Guimarães Portella @Maylla @Rafael @ Samara  @S£rgio @+55 61 9373-0824 @+55 61 8159-1233 @YagoRenz @+55 61 8259-3004]  [@Kleber O. Moraes]  [@]  [Kleber O. Moraes]  [@O FUTURO A DEUS PERTENCE]  [@]  [O FUTURO A DEUS PERTENCE]  [@Alessandra Chaul]  [@]  [Alessandra Chaul]  [@Alexandre]  [@]  [Alexandre]  [@Ana Cristina]  [@]  [Ana Cristina]  [@Bárbara Silva]  [@]  [Bárbara Silva]  [@Coêlho ]  [@]  [Coêlho ]  [@Carlos Eduardo Almeida]  [@]  [Carlos Eduardo Almeida]  [@Camilla Dantas]  [@]  [Camilla Dantas]  [@Carol Silveira]  [@]  [Carol Silveira]  [@Carol]  [@]  [Carol]  [@Catarina Jaborandy]  [@]  [Catarina Jaborandy]  [@Gabriel Góes Lucas]  [@]  [Gabriel Góes Lucas]  [@Gabriel Muay Thai]  [@]  [Gabriel Muay Thai]  [@Gustavo Filizzola]  [@]  [Gustavo Filizzola]  [@Jacqueline Ferreira]  [@]  [Jacqueline Ferreira]  [@Joao Cerrado]  [@]  [Joao Cerrado]  [@Lara]  [@]  [Lara]  [@+55 61 8133-4255]  [@]  [+55 61 8133-4255]  [@Luan]  [@]  [Luan]  [@Macarena Ruiz ]  [@]  [Macarena Ruiz ]  [@Maria José Borges]  [@]  [Maria José Borges]  [@Mariana Cyncynates]  [@]  [Mariana Cyncynates]  [@Mari Gatinha]  [@]  [Mari Gatinha]  [@Marília]  [@]  [Marília]  [@Mateus]  [@]  [Mateus]  [@+55 62 8313-8797]  [@]  [+55 62 8313-8797]  [@Matheus Rodrigues]  [@]  [Matheus Rodrigues]  [@Matteo Guimarães Portella]  [@]  [Matteo Guimarães Portella]  [@Maylla]  [@]  [Maylla]  [@Rafael]  [@]  [Rafael]  [@ Samara ]  [@]  [ Samara ]  [@S£rgio]  [@]  [S£rgio]  [@+55 61 9373-0824]  [@]  [+55 61 9373-0824]  [@+55 61 8159-1233]  [@]  [+55 61 8159-1233]  [@YagoRenz]  [@]  [YagoRenz]  [@+55 61 8259-3004]  [@]  [+55 61 8259-3004]  [Meu joelho tá melhorando ainda mestre, jaja estou de volta !!]  [Meu joelho tá melhorando ainda mestre, jaja estou de volta !!]  [16:42]  [] 
VM19228:26 len:15 spans:123 sender:Marília receiver:AndersonCerradoMma ---> []  []  []  [+55 61 8349-2623]  [Marília]  []  [Anderson Cerrado Mma]  [@Kleber O. Moraes @O FUTURO A DEUS PERTENCE @Alessandra Chaul @Alexandre @Ana Cristina @Bárbara Silva @Coêlho  @Carlos Eduardo Almeida @Camilla Dantas @Carol Silveira @Carol @Catarina Jaborandy @Gabriel Góes Lucas @Gabriel Muay Thai @Gustavo Filizzola @Jacqueline Ferreira @Joao Cerrado @Lara @+55 61 8133-4255 @Luan @Macarena Ruiz  @Maria José Borges @Mariana Cyncynates @Mari Gatinha @Marília @Mateus @+55 62 8313-8797 @Matheus Rodrigues @Matteo Guimarães Portella @Maylla @Rafael @ Samara  @S£rgio @+55 61 9373-0824 @+55 61 8159-1233 @YagoRenz @+55 61 8259-3004]  [@Kleber O. Moraes]  [@]  [Kleber O. Moraes]  [@O FUTURO A DEUS PERTENCE]  [@]  [O FUTURO A DEUS PERTENCE]  [@Alessandra Chaul]  [@]  [Alessandra Chaul]  [@Alexandre]  [@]  [Alexandre]  [@Ana Cristina]  [@]  [Ana Cristina]  [@Bárbara Silva]  [@]  [Bárbara Silva]  [@Coêlho ]  [@]  [Coêlho ]  [@Carlos Eduardo Almeida]  [@]  [Carlos Eduardo Almeida]  [@Camilla Dantas]  [@]  [Camilla Dantas]  [@Carol Silveira]  [@]  [Carol Silveira]  [@Carol]  [@]  [Carol]  [@Catarina Jaborandy]  [@]  [Catarina Jaborandy]  [@Gabriel Góes Lucas]  [@]  [Gabriel Góes Lucas]  [@Gabriel Muay Thai]  [@]  [Gabriel Muay Thai]  [@Gustavo Filizzola]  [@]  [Gustavo Filizzola]  [@Jacqueline Ferreira]  [@]  [Jacqueline Ferreira]  [@Joao Cerrado]  [@]  [Joao Cerrado]  [@Lara]  [@]  [Lara]  [@+55 61 8133-4255]  [@]  [+55 61 8133-4255]  [@Luan]  [@]  [Luan]  [@Macarena Ruiz ]  [@]  [Macarena Ruiz ]  [@Maria José Borges]  [@]  [Maria José Borges]  [@Mariana Cyncynates]  [@]  [Mariana Cyncynates]  [@Mari Gatinha]  [@]  [Mari Gatinha]  [@Marília]  [@]  [Marília]  [@Mateus]  [@]  [Mateus]  [@+55 62 8313-8797]  [@]  [+55 62 8313-8797]  [@Matheus Rodrigues]  [@]  [Matheus Rodrigues]  [@Matteo Guimarães Portella]  [@]  [Matteo Guimarães Portella]  [@Maylla]  [@]  [Maylla]  [@Rafael]  [@]  [Rafael]  [@ Samara ]  [@]  [ Samara ]  [@S£rgio]  [@]  [S£rgio]  [@+55 61 9373-0824]  [@]  [+55 61 9373-0824]  [@+55 61 8159-1233]  [@]  [+55 61 8159-1233]  [@YagoRenz]  [@]  [YagoRenz]  [@+55 61 8259-3004]  [@]  [+55 61 8259-3004]  [Professor, tive um imprevisto. Quarta estarei d volta!]  [Professor, tive um imprevisto. Quarta estarei d volta!]  [16:51]  [] 
VM19228:26 len:15 spans:12 sender:VerandaCerradoMma receiver:MarianaCyncynates ---> []  []  []  [Veranda Cerrado Mma]  []  [+55 61 8267-3817]  [Mariana Cyncynates]  [Prof e coleguinhas das 10h. 

Vou precisar me ausentar um pouco por causa do meu dedo. Eu refissurei ele e acho que é melhor eu ficar quieta pra ele voltar ao normal.

Fico triste pq finalmente tava conseguindo me livrar da alergia do nariz e voltar a treinar melhorzinha. Mas enfim...coisas da vida!
Vou sentir saudades! 
Eu volto heinnn ]  [Melhoras corralinda ]  [Melhoras corralinda ]  [21:53]  [] 
VM19228:26 len:16 spans:12 sender:AndersonCerradoMma receiver:YagoRenz ---> []  []  []  [Anderson Cerrado Mma]  []  [+55 61 9285-4917]  [YagoRenz]  [Se Deus quiser sexta apreço aí]  []  []  [14:31]  [] 
VM19228:26 len:15 spans:12 sender:MacarenaRuiz receiver:AndersonCerradoMma ---> []  []  []  [+55 61 8177-4708]  [Macarena Ruiz ]  []  [Anderson Cerrado Mma]  [Obrigado por mais uma semana rica e abençoada ao lado de vocês !!! Descansem pois semana que vem tem mais !!!! ]  [Aeeee ]  [Aeeee ]  [15:22]  [] 
VM19228:26 len:15 spans:12 sender:CamilaOliveira receiver:AndersonCerradoMma ---> []  []  []  [+55 61 9665-8187]  [Camila Oliveira]  []  [Anderson Cerrado Mma]  [Obrigado por mais uma semana rica e abençoada ao lado de vocês !!! Descansem pois semana que vem tem mais !!!! ]  [Obrigada, professor mais fofo da vida!!! Valeu por tudo!!!]  [Obrigada, professor mais fofo da vida!!! Valeu por tudo!!!]  [15:23]  [] 
VM19228:26 len:17 spans:11 sender:BrunoThai receiver:0:31 ---> []  []  []  [Bruno Thai]  []  []  [0:31]  []  [05:33]  []  [] 
VM19228:26 len:19 spans:12 sender:MariFreitas receiver:BrunoThai ---> []  []  []  [Mari Freitas]  []  [Bruno Thai]  []  [Video]  [Ah, então é isso que eu tô ouvindo aqui de casa]  [Ah, então é isso que eu tô ouvindo aqui de casa]  [07:27]  [] 
VM19228:26 len:17 spans:10 sender:AdrianaReis receiver:1:29 ---> []  [+55 61 9974-1003]  [Adriana Reis]  []  []  [1:29]  []  [09:32]  []  [] 
VM19228:26 len:19 spans:12 sender:BrunoThai receiver:BrunoThai ---> []  []  []  [Bruno Thai]  []  [Bruno Thai]  []  [Video]  [Foi mal, grupo errado ]  [Foi mal, grupo errado ]  [14:18]  [] 
VM19228:26 len:15 spans:12 sender:Marília receiver:AndersonCerradoMma ---> []  []  []  [+55 61 8349-2623]  [Marília]  []  [Anderson Cerrado Mma]  [Que Jesus Cristo possa lhe abençoar, dando sabedoria e saúde para lutar por seus sonhos e objetivos, não se sinta culpado pelos erros do passado, ainda há tempo , mude, com Deus tudo é possível! Bom dia. ]  [Bom dia! ]  [Bom dia! ]  [08:17]  [] 
VM19228:26 len:15 spans:11 sender:MariFreitas receiver:VerandaCerradoMma ---> []  []  []  [Mari Freitas]  []  [Veranda Cerrado Mma]  [Do jeito que tô seraci um dia eu graduo? Kkk]  [Você tá maravis! Mas quem vai te dizer isso é o prof ]  [Você tá maravis! Mas quem vai te dizer isso é o prof ]  [12:32]  [] 
VM19228:26 len:15 spans:11 sender:MariGatinha receiver:MariFreitas ---> []  []  []  [Mari Gatinha]  []  [Mari Freitas]  [Karlinha, daqui uns 4 anos você me manda essa msg de novo ]  [Rt kkkkkkkkkk]  [Rt kkkkkkkkkk]  [12:34]  [] 
VM19228:26 len:15 spans:10 sender:Dandara receiver:08:36 ---> []  []  []  [+55 61 9338-2136]  [Dandara]  []  []  [08:36]  []  [] 
VM19228:26 len:15 spans:15 sender:AndersonCerradoMma receiver:AnaCristina ---> []  []  []  [Anderson Cerrado Mma]  []  [+55 61 8546-8240]  [Ana Cristina]  [Feliz aquele que transfere o que sabe e aprende o que ensina. (Cora Coralina) parabéns @Anderson Cerrado Mma pelo seu dia!]  [@Anderson Cerrado Mma]  [@]  [Anderson Cerrado Mma]  [Obrigado !!!]  [Obrigado !!!]  [09:05]  [] 
VM19228:26 len:15 spans:13 sender:AndersonCerradoMma receiver:MariaJoséBorges ---> []  [Anderson Cerrado Mma]  []  [+55 61 9632-5454]  [Maria José Borges]  [Feliz dia do professor @Anderson Cerrado Mma !!! Obrigadaaaa!!!!!]  [@Anderson Cerrado Mma]  [@]  [Anderson Cerrado Mma]  [Muito obrigado ]  [Muito obrigado ]  [09:05]  [] 
VM19228:26 len:15 spans:10 sender:AndersonCerradoMma receiver:CamilaOliveira ---> []  [Anderson Cerrado Mma]  []  [+55 61 9665-8187]  [Camila Oliveira]  [Parabéns, mestre!!! Em pouco tempo vc tem se mostrado um professor extraordinário... no tatame e na vida! Obrigada por tudo ]  [Só tenho a agradecer !!]  [Só tenho a agradecer !!]  [09:05]  [] 
VM19228:26 len:15 spans:10 sender:AndersonCerradoMma receiver:GustavoFilizzola ---> []  [Anderson Cerrado Mma]  []  [+55 61 8303-0465]  [Gustavo Filizzola]  [Parabéns, mestre !!! ]  [Obrigado meu amigo]  [Obrigado meu amigo]  [09:06]  [] 
VM19228:26 len:19 spans:11 sender:AndersonCerradoMma receiver:Dandara ---> []  [Anderson Cerrado Mma]  []  [+55 61 9338-2136]  [Dandara]  []  [GIF]  [Gracias!]  [Gracias!]  [09:06]  [] 
VM19228:26 len:15 spans:12 sender:MariFreitas receiver:CamilaOliveira ---> []  []  []  [Mari Freitas]  []  [+55 61 9665-8187]  [Camila Oliveira]  [E..  Mari, pra mim vc também tem sido uma super profis, viu? Então... Parabéns pra vc tb!!!]  [Ooo 
Obrigada! Em breve, quem sabe ]  [Ooo 
Obrigada! Em breve, quem sabe ]  [09:35]  [] 
VM19228:26 len:15 spans:11 sender:MariaJoséBorges receiver:MaxMuayThaiNovo ---> []  []  []  [+55 61 9632-5454]  [Maria José Borges]  []  [Max Muay Thai Novo]  []  []  [13:45]  [] 
VM19228:26 len:15 spans:10 sender:AndersonCerradoMma receiver:MaxMuayThaiNovo ---> []  []  []  [Anderson Cerrado Mma]  []  [Max Muay Thai Novo]  [Vc tá frito !!!]  [Vc tá frito !!!]  [13:48]  [] 
VM19228:26 len:15 spans:12 sender:Nathalia receiver:AndersonCerradoMma ---> []  []  []  [+55 61 9503-4343]  [Nathalia ]  []  [Anderson Cerrado Mma]  [Já voltei ao normal]  [Ainda bem, pq se não tinha meu jeito de fazer o senhor voltar ao normal]  [Ainda bem, pq se não tinha meu jeito de fazer o senhor voltar ao normal]  [18:03]  [] 
VM19228:26 len:15 spans:12 sender:MariRamos receiver:Maylla ---> []  []  []  [Mari Ramos]  []  [+55 61 8120-0110]  [Maylla]  [Parabéns grande mestre. A arte de ser professora e árdua, e você a exerce com maestria!!]  [Vc tb é, não?!]  [Vc tb é, não?!]  [00:07]  [] 
VM19228:26 len:19 spans:12 sender:MariFreitas receiver:AndersonCerradoMma ---> []  []  []  [Mari Freitas]  []  [Anderson Cerrado Mma]  []  [Photo]  [Itimalia mamãe  que saudade da minha bichinha!]  [Itimalia mamãe  que saudade da minha bichinha!]  [08:36]  [] 
VM19228:26 len:17 spans:11 sender:AndersonCerradoMma receiver:0:17 ---> []  []  []  [Anderson Cerrado Mma]  []  []  [0:17]  []  [08:43]  []  [] 
VM19228:26 len:19 spans:15 sender:PedroMuayThai receiver:KarlaSalvatierraMuayThai ---> []  []  []  [Pedro Muay Thai]  []  [Karla Salvatierra Muay Thai]  []  [Lembrança de quando o @Pedro Muay Thai era sandarino. Dps ele passou a ser o lizard Muay thai e hj é só uma lenda. Nem deve treinar mais esse cara palida]  [@Pedro Muay Thai]  [@]  [Pedro Muay Thai]  [Ih olha eu ali com cara de pirralho]  [Ih olha eu ali com cara de pirralho]  [09:44]  [] 
VM19228:26 len:15 spans:12 sender:Maylla receiver:MariRamos ---> []  []  []  [+55 61 8120-0110]  [Maylla]  []  [Mari Ramos]  [Vc tb é, não?!]  [Sou sim!!]  [Sou sim!!]  [09:45]  [] 
VM19228:26 len:16 spans:10 sender:PedroMuayThai receiver:Helena ---> []  []  []  [Pedro Muay Thai]  []  [+55 61 8380-4115]  [Helena]  [Dizendo ele vai voltar]  [09:46]  [] 
VM19228:26 len:16 spans:10 sender:MaxMuayThaiNovo receiver:Helena ---> []  []  []  [Max Muay Thai Novo]  []  [+55 61 8380-4115]  [Helena]  [Dizendo ele vai voltar]  [09:46]  [] 
VM19228:26 len:16 spans:10 sender:KarlaSalvatierraMuayThai receiver:Helena ---> []  []  []  [Karla Salvatierra Muay Thai]  []  [+55 61 8380-4115]  [Helena]  [Dizendo ele vai voltar]  [09:48]  [] 
VM19228:26 len:15 spans:14 sender:CarolKedeMuayThai receiver:KarlaSalvatierraMuayThai ---> []  []  []  [Carol Kede Muay Thai]  []  [Karla Salvatierra Muay Thai]  [Era um q gostava de apanhar da Adriana e da @Carol Kede Muay Thai.
Lembra? ]  [@Carol Kede Muay Thai]  [@]  [Carol Kede Muay Thai]  [Que isso auabahahaygayahaya]  [Que isso auabahahaygayahaya]  [09:54]  [] 
VM19228:26 len:15 spans:14 sender:PedroMuayThai receiver:KarlaSalvatierraMuayThai ---> []  []  []  [Pedro Muay Thai]  []  [Karla Salvatierra Muay Thai]  [Era um q gostava de apanhar da Adriana e da @Carol Kede Muay Thai.
Lembra? ]  [@Carol Kede Muay Thai]  [@]  [Carol Kede Muay Thai]  [Kkkkkkkkkk]  [Kkkkkkkkkk]  [10:21]  [] 
VM19228:26 len:15 spans:11 sender:BrunoThai receiver:MariFreitas ---> []  []  []  [Bruno Thai]  []  [Mari Freitas]  [Hoje não é sexta]  [Pegando os desprevenidos que sempre faltam na sexta 
Agora vai ser aleatório até a graduação ]  [Pegando os desprevenidos que sempre faltam na sexta 
Agora vai ser aleatório até a graduação ]  [11:40]  [] 
VM19228:26 len:15 spans:11 sender:MariFreitas receiver:You ---> []  []  []  [Mari Freitas]  []  [You]  [Ele tá vendo quem merece graduar. Vai ser assim td dia até fim de novembro. Daqui a 3 semanas vai passar a ser  nos azul escura...]  [Que é isso cara]  [Que é isso cara]  [11:40]  [] 
VM19228:26 len:15 spans:12 sender:AnaCristina receiver:AndersonCerradoMma ---> []  []  []  [+55 61 8546-8240]  [Ana Cristina]  []  [Anderson Cerrado Mma]  [Sou sensível !!!]  [Isso porque ele falou isso ontem, creio-em-deus-pai!]  [Isso porque ele falou isso ontem, creio-em-deus-pai!]  [11:42]  [] 
VM19228:26 len:15 spans:12 sender:CarlosEduardoAlmeida receiver:You ---> []  []  []  [+55 61 8274-4179]  [Carlos Eduardo Almeida]  []  [You]  [Ele tá vendo quem merece graduar. Vai ser assim td dia até fim de novembro. Daqui a 3 semanas vai passar a ser  nos azul escura...]  [Volto em Dezembro então, kkkkkk]  [Volto em Dezembro então, kkkkkk]  [11:42]  [] 
VM19228:26 len:16 spans:10 sender:LucianaPimenta receiver:You ---> []  []  []  [+55 61 8158-9924]  [Luciana Pimenta]  []  [You]  [Ele tá vendo quem merece graduar. Vai ser assim td dia até fim de novembro. Daqui a 3 semanas vai passar a ser  nos azul escura...]  [11:45]  [] 
VM19228:26 len:15 spans:12 sender:OFUTUROADEUSPERTENCE receiver:You ---> []  []  []  [+55 61 9310-9139]  [O FUTURO A DEUS PERTENCE]  []  [You]  [Ele tá vendo quem merece graduar. Vai ser assim td dia até fim de novembro. Daqui a 3 semanas vai passar a ser  nos azul escura...]  [Até janeiro! ]  [Até janeiro! ]  [12:17]  [] 
VM19228:26 len:15 spans:12 sender:Nathalia receiver:AndersonCerradoMma ---> []  []  []  [+55 61 9503-4343]  [Nathalia ]  []  [Anderson Cerrado Mma]  [Bom dia tropa!

Vou mandar um aviso importante no privado.

Se não tiverem meu número 
salvo, por favor !! Salve !!!!]  [Crê em Deus pai todo poderoso... kkkkkkkkk]  [Crê em Deus pai todo poderoso... kkkkkkkkk]  [10:42]  [] 
VM19228:26 len:15 spans:11 sender:S£rgio receiver:You ---> []  []  []  [+55 61 8435-9968]  [S£rgio]  []  [You]  []  []  [10:50]  [] 
VM19228:26 len:15 spans:10 sender:BrunoThai receiver:You ---> []  []  []  [Bruno Thai]  []  [You]  [Essa é boa kkkmm]  [Essa é boa kkkmm]  [10:51]  [] 
VM19228:26 len:15 spans:12 sender:Geovana receiver:VerandaCerradoMma ---> []  []  []  [+55 61 9262-4787]  [Geovana]  []  [Veranda Cerrado Mma]  [Eu nem sou ansiosa não , pode continuar com o suspense]  [Kkkkkkkkk]  [Kkkkkkkkk]  [12:30]  [] 
VM19228:26 len:15 spans:11 sender:VerandaCerradoMma receiver:AndersonCerradoMma ---> []  []  []  [Veranda Cerrado Mma]  []  [Anderson Cerrado Mma]  [Bom dia tropa!

Vou mandar um aviso importante no privado.

Se não tiverem meu número 
salvo, por favor !! Salve !!!!]  [PeloamordeDeus desembuchaaa]  [PeloamordeDeus desembuchaaa]  [12:38]  [] 
VM19228:26 len:15 spans:11 sender:AndersonCerradoMma receiver:VerandaCerradoMma ---> []  []  []  [Anderson Cerrado Mma]  []  [Veranda Cerrado Mma]  [PeloamordeDeus desembuchaaa]  [Só será um até logo]  [Só será um até logo]  [12:42]  [] 
VM19228:26 len:15 spans:11 sender:MariGatinha receiver:AndersonCerradoMma ---> []  []  []  [Mari Gatinha]  []  [Anderson Cerrado Mma]  [Só será um até logo]  [????????????????]  [????????????????]  [12:42]  [] 
VM19228:26 len:20 spans:13 sender:AndersonCerradoMma receiver:KarlaSalvatierraMuayThai ---> []  []  []  [Anderson Cerrado Mma]  []  [Karla Salvatierra Muay Thai]  []  [Turma das 10h]  []  []  []  [12:43]  [] 
VM19228:26 len:19 spans:13 sender:VerandaCerradoMma receiver:GustavoFilizzola ---> []  []  []  [Veranda Cerrado Mma]  []  [+55 61 8303-0465]  [Gustavo Filizzola]  []  [Photo]  [Basta uma pra mim ]  [Basta uma pra mim ]  [12:44]  [] 
VM19228:26 len:19 spans:13 sender:AndersonCerradoMma receiver:GustavoFilizzola ---> []  []  []  [Anderson Cerrado Mma]  []  [+55 61 8303-0465]  [Gustavo Filizzola]  []  [Photo]  [Gostei]  [Gostei]  [12:44]  [] 
VM19228:26 len:19 spans:12 sender:VerandaCerradoMma receiver:KarlaSalvatierraMuayThai ---> []  []  []  [Veranda Cerrado Mma]  []  [Karla Salvatierra Muay Thai]  []  [12:30]  [Sodadinha]  [Sodadinha]  [12:48]  [] 
VM19228:26 len:15 spans:12 sender:VerandaCerradoMma receiver:Nathalia ---> []  []  []  [Veranda Cerrado Mma]  []  [+55 61 9503-4343]  [Nathalia ]  [qual foi a frase do ano passado?]  [Fiquei com medus de perguntar e levar um coió]  [Fiquei com medus de perguntar e levar um coió]  [14:32]  [] 
VM19228:26 len:19 spans:12 sender:VerandaCerradoMma receiver:MariFreitas ---> []  []  []  [Veranda Cerrado Mma]  []  [Mari Freitas]  []  [Photo]  [Boa sorte para ele e que dê tudo certoo  estamos na torcida. Eu e meus 94848 kgs a mais  ]  [Boa sorte para ele e que dê tudo certoo  estamos na torcida. Eu e meus 94848 kgs a mais  ]  [19:47]  [] 
VM19228:26 len:15 spans:12 sender:CamilaOliveira receiver:VerandaCerradoMma ---> []  []  []  [+55 61 9665-8187]  [Camila Oliveira]  []  [Veranda Cerrado Mma]  [Boa sorte para ele e que dê tudo certoo  estamos na torcida. Eu e meus 94848 kgs a mais  ]  [Vê, pensei a mesma coisa kkkkkkkkkki]  [Vê, pensei a mesma coisa kkkkkkkkkki]  [19:47]  [] 
VM19228:26 len:15 spans:12 sender:VerandaCerradoMma receiver:CamilaOliveira ---> []  []  []  [Veranda Cerrado Mma]  []  [+55 61 9665-8187]  [Camila Oliveira]  [Vê, pensei a mesma coisa kkkkkkkkkki]  [Só vou treinar com roupa de motoqueiro e fechar a boca assim que chegar em Bsb, não tá rolandooo ( quer dizer to sim) não]  [Só vou treinar com roupa de motoqueiro e fechar a boca assim que chegar em Bsb, não tá rolandooo ( quer dizer to sim) não]  [19:50]  [] 
VM19228:26 len:15 spans:11 sender:MariFreitas receiver:VerandaCerradoMma ---> []  []  []  [Mari Freitas]  []  [Veranda Cerrado Mma]  [Só vou treinar com roupa de motoqueiro e fechar a boca assim que chegar em Bsb, não tá rolandooo ( quer dizer to sim) não]  [ vem, miga! Te ajudo ]  [ vem, miga! Te ajudo ]  [19:55]  [] 
VM19228:26 len:20 spans:11 sender:MariFreitas receiver:GustavoFilizzola ---> []  []  []  [Mari Freitas]  []  [+55 61 8303-0465]  [Gustavo Filizzola]  []  [Após um dia inteiro de dieta intermitente....vim comer proteína com um cadinzin de carbo....]  [20:03]  [] 
VM19228:26 len:15 spans:11 sender:LucianaPimenta receiver:MariFreitas ---> []  []  []  [+55 61 8158-9924]  [Luciana Pimenta]  []  [Mari Freitas]  [HAHAHAHAHAHAHAHAHA!!!! Que figurinha maravilhosa!]  [HAHAHAHAHAHAHAHAHA!!!! Que figurinha maravilhosa!]  [20:11]  [] 
VM19228:26 len:15 spans:10 sender:VerandaCerradoMma receiver:LucianaPimenta ---> []  [Veranda Cerrado Mma]  []  [+55 61 8158-9924]  [Luciana Pimenta]  [HAHAHAHAHAHAHAHAHA!!!! Que figurinha maravilhosa!]  [Já salvei ameikjkk]  [Já salvei ameikjkk]  [20:11]  [] 
VM19228:26 len:15 spans:12 sender:CamilaOliveira receiver:VerandaCerradoMma ---> []  []  []  [+55 61 9665-8187]  [Camila Oliveira]  []  [Veranda Cerrado Mma]  [Só vou treinar com roupa de motoqueiro e fechar a boca assim que chegar em Bsb, não tá rolandooo ( quer dizer to sim) não]  []  []  [20:16]  [] 
VM19228:26 len:15 spans:11 sender:VerandaCerradoMma receiver:MariFreitas ---> []  []  []  [Veranda Cerrado Mma]  []  [Mari Freitas]  [ vem, miga! Te ajudo ]  [Tinhamo ]  [Tinhamo ]  [20:18]  [] 
VM19228:26 len:15 spans:13 sender:LucianaPimenta receiver:CamilaOliveira ---> []  []  []  [+55 61 8158-9924]  [Luciana Pimenta]  []  [+55 61 9665-8187]  [Camila Oliveira]  [Acompanhando aqui... na torcida... nossa... esse trem e meio viciante kkkkkk]  [Cê não viu nada. Já assinou combate? Ou já tem na tv por assinatura? Pq vc vai querer]  [Cê não viu nada. Já assinou combate? Ou já tem na tv por assinatura? Pq vc vai querer]  [20:22]  [] 
VM19228:26 len:15 spans:13 sender:CamilaOliveira receiver:LucianaPimenta ---> []  []  []  [+55 61 9665-8187]  [Camila Oliveira]  []  [+55 61 8158-9924]  [Luciana Pimenta]  [Meu feed de redes sociais tem três coisas: gato, cachorro e luta]  [... lu, vc é demais!!!!]  [... lu, vc é demais!!!!]  [20:24]  [] 
VM19228:26 len:15 spans:11 sender:CamilaOliveira receiver:GustavoFilizzola ---> []  [+55 61 9665-8187]  [Camila Oliveira]  []  [+55 61 8303-0465]  [Gustavo Filizzola]  [Isso é um caminho sem volta....]  []  []  [20:25]  [] 
VM19228:26 len:16 spans:10 sender:MariRamos receiver:AndersonCerradoMma ---> []  []  []  [Mari Ramos]  []  [Anderson Cerrado Mma]  [Hoje tem ufc gente]  []  [20:34]  [] 
VM19228:26 len:15 spans:12 sender:AdrianaReis receiver:AndersonCerradoMma ---> []  []  []  [+55 61 9974-1003]  [Adriana Reis]  []  [Anderson Cerrado Mma]  [A força que existe em você é capaz de superar qualquer obstáculo, jamais desista,a vitória está mais perto que você imagina! Que Jesus Cristo  abençoe seu dia.]  [Bom dia]  [Bom dia]  [06:56]  [] 
VM19228:26 len:15 spans:11 sender:VerandaCerradoMma receiver:MariFreitas ---> []  []  []  [Veranda Cerrado Mma]  []  [Mari Freitas]  [Eu aviso, migs]  [Obrigadinhaaa, minha tapioca com queijooo ]  [Obrigadinhaaa, minha tapioca com queijooo ]  [19:48]  [] 
undefined
